
> app_init@0.1.0 dev
> next dev

▲ Next.js 16.1.6 (Turbopack)
- Local:         http://localhost:3000
- Network:       http://192.168.0.2:3000
- Environments: .env.local

✓ Starting...
⚠ Turbopack's filesystem cache has been deleted because we previously detected an internal error in Turbopack. Builds or page loads may be slower as a result.
✓ Ready in 4.2s
Clerk: Refreshing the session token resulted in an infinite redirect loop. This usually means that your Clerk instance keys do not match - make sure to copy the correct publishable and secret keys from the Clerk dashboard.
○ Compiling / ...
MongoDB Connection Error: MongooseServerSelectionError: Could not connect to any servers in your MongoDB Atlas cluster. One common reason is that you're trying to access the database from an IP that isn't whitelisted. Make sure your current IP address is on your Atlas cluster's IP whitelist: https://www.mongodb.com/docs/atlas/security-whitelist/
    at ignore-listed frames {
  errorLabelSet: Set(0) {},
  reason: [TopologyDescription],
  code: undefined,
  [cause]: [TopologyDescription]
}
MongoDB Connection Error: MongooseServerSelectionError: Could not connect to any servers in your MongoDB Atlas cluster. One common reason is that you're trying to access the database from an IP that isn't whitelisted. Make sure your current IP address is on your Atlas cluster's IP whitelist: https://www.mongodb.com/docs/atlas/security-whitelist/
    at ignore-listed frames {
  errorLabelSet: Set(0) {},
  reason: [TopologyDescription],
  code: undefined,
  [cause]: [TopologyDescription]
}
MongoDB Connection Error: MongooseServerSelectionError: Could not connect to any servers in your MongoDB Atlas cluster. One common reason is that you're trying to access the database from an IP that isn't whitelisted. Make sure your current IP address is on your Atlas cluster's IP whitelist: https://www.mongodb.com/docs/atlas/security-whitelist/
    at async connectDB (lib/db.ts:45:19)
    at async getPostsByCategory (app/actions.ts:297:16)
    at async Home (app/(website)/page.tsx:23:20)
  43 |
  44 |   try {
> 45 |     cached.conn = await cached.promise;
     |                   ^
  46 |   } catch (e) {
  47 |     cached.promise = null;
  48 |     console.error("MongoDB Connection Error:", e); {
  errorLabelSet: Set(0) {},
  reason: [TopologyDescription],
  code: undefined,
  [cause]: [TopologyDescription]
}
 GET / 200 in 21.8s (compile: 9.2s, proxy.ts: 15ms, render: 12.5s)
 POST / 200 in 72ms (compile: 19ms, proxy.ts: 31ms, render: 23ms)
MongoDB Connection Error: MongooseServerSelectionError: Could not connect to any servers in your MongoDB Atlas cluster. One common reason is that you're trying to access the database from an IP that isn't whitelisted. Make sure your current IP address is on your Atlas cluster's IP whitelist: https://www.mongodb.com/docs/atlas/security-whitelist/
    at ignore-listed frames {
  errorLabelSet: Set(0) {},
  reason: [TopologyDescription],
  code: undefined,
  [cause]: [TopologyDescription]
}
MongoDB Connection Error: MongooseServerSelectionError: Could not connect to any servers in your MongoDB Atlas cluster. One common reason is that you're trying to access the database from an IP that isn't whitelisted. Make sure your current IP address is on your Atlas cluster's IP whitelist: https://www.mongodb.com/docs/atlas/security-whitelist/
    at ignore-listed frames {
  errorLabelSet: Set(0) {},
  reason: [TopologyDescription],
  code: undefined,
  [cause]: [TopologyDescription]
}
MongoDB Connection Error: MongooseServerSelectionError: Could not connect to any servers in your MongoDB Atlas cluster. One common reason is that you're trying to access the database from an IP that isn't whitelisted. Make sure your current IP address is on your Atlas cluster's IP whitelist: https://www.mongodb.com/docs/atlas/security-whitelist/
    at async connectDB (lib/db.ts:45:19)
    at async incrementViews (app/actions.ts:340:16)
    at async ArticlePage (app/(website)/articles/[slug]/page.tsx:25:3)
  43 |
  44 |   try {
> 45 |     cached.conn = await cached.promise;
     |                   ^
  46 |   } catch (e) {
  47 |     cached.promise = null;
  48 |     console.error("MongoDB Connection Error:", e); {
  errorLabelSet: Set(0) {},
  reason: [TopologyDescription],
  code: undefined,
  [cause]: [TopologyDescription]
}
MongoDB Connection Error: MongooseServerSelectionError: Could not connect to any servers in your MongoDB Atlas cluster. One common reason is that you're trying to access the database from an IP that isn't whitelisted. Make sure your current IP address is on your Atlas cluster's IP whitelist: https://www.mongodb.com/docs/atlas/security-whitelist/
    at async connectDB (lib/db.ts:45:19)
    at async getRelatedPosts (app/actions.ts:315:16)
    at async ArticlePage (app/(website)/articles/[slug]/page.tsx:28:24)
  43 |
  44 |   try {
> 45 |     cached.conn = await cached.promise;
     |                   ^
  46 |   } catch (e) {
  47 |     cached.promise = null;
  48 |     console.error("MongoDB Connection Error:", e); {
  errorLabelSet: Set(0) {},
  reason: [TopologyDescription],
  code: undefined,
  [cause]: [TopologyDescription]
}
MongoDB Connection Error: MongooseServerSelectionError: Could not connect to any servers in your MongoDB Atlas cluster. One common reason is that you're trying to access the database from an IP that isn't whitelisted. Make sure your current IP address is on your Atlas cluster's IP whitelist: https://www.mongodb.com/docs/atlas/security-whitelist/
    at async connectDB (lib/db.ts:45:19)
    at async getComments (app/actions.ts:430:20)
    at async ArticlePage (app/(website)/articles/[slug]/page.tsx:29:20)
  43 |
  44 |   try {
> 45 |     cached.conn = await cached.promise;
     |                   ^
  46 |   } catch (e) {
  47 |     cached.promise = null;
  48 |     console.error("MongoDB Connection Error:", e); {
  errorLabelSet: Set(0) {},
  reason: [TopologyDescription],
  code: undefined,
  [cause]: [TopologyDescription]
}
 GET /articles/bakida-iqtisadi-forum 200 in 23.5s (compile: 2.9s, proxy.ts: 13ms, render: 20.6s)
 POST /articles/bakida-iqtisadi-forum 200 in 121ms (compile: 67ms, proxy.ts: 17ms, render: 38ms)
✓ Compiled in 374ms
Clerk: Refreshing the session token resulted in an infinite redirect loop. This usually means that your Clerk instance keys do not match - make sure to copy the correct publishable and secret keys from the Clerk dashboard.
MongoDB Connection Error: MongooseServerSelectionError: Could not connect to any servers in your MongoDB Atlas cluster. One common reason is that you're trying to access the database from an IP that isn't whitelisted. Make sure your current IP address is on your Atlas cluster's IP whitelist: https://www.mongodb.com/docs/atlas/security-whitelist/
    at ignore-listed frames {
  errorLabelSet: Set(0) {},
  reason: [TopologyDescription],
  code: undefined,
  [cause]: [TopologyDescription]
}
MongoDB Connection Error: MongooseServerSelectionError: Could not connect to any servers in your MongoDB Atlas cluster. One common reason is that you're trying to access the database from an IP that isn't whitelisted. Make sure your current IP address is on your Atlas cluster's IP whitelist: https://www.mongodb.com/docs/atlas/security-whitelist/
    at ignore-listed frames {
  errorLabelSet: Set(0) {},
  reason: [TopologyDescription],
  code: undefined,
  [cause]: [TopologyDescription]
}
MongoDB Connection Error: MongooseServerSelectionError: Could not connect to any servers in your MongoDB Atlas cluster. One common reason is that you're trying to access the database from an IP that isn't whitelisted. Make sure your current IP address is on your Atlas cluster's IP whitelist: https://www.mongodb.com/docs/atlas/security-whitelist/
    at async connectDB (lib/db.ts:45:19)
    at async getPostsByCategory (app/actions.ts:297:16)
    at async Home (app/(website)/page.tsx:23:20)
  43 |
  44 |   try {
> 45 |     cached.conn = await cached.promise;
     |                   ^
  46 |   } catch (e) {
  47 |     cached.promise = null;
  48 |     console.error("MongoDB Connection Error:", e); {
  errorLabelSet: Set(0) {},
  reason: [TopologyDescription],
  code: undefined,
  [cause]: [TopologyDescription]
}
 GET / 200 in 11.4s (compile: 231ms, proxy.ts: 21ms, render: 11.2s)
 POST / 200 in 120ms (compile: 36ms, proxy.ts: 20ms, render: 64ms)
Clerk: Refreshing the session token resulted in an infinite redirect loop. This usually means that your Clerk instance keys do not match - make sure to copy the correct publishable and secret keys from the Clerk dashboard.
MongoDB Connection Error: MongooseServerSelectionError: Could not connect to any servers in your MongoDB Atlas cluster. One common reason is that you're trying to access the database from an IP that isn't whitelisted. Make sure your current IP address is on your Atlas cluster's IP whitelist: https://www.mongodb.com/docs/atlas/security-whitelist/
    at ignore-listed frames {
  errorLabelSet: Set(0) {},
  reason: [TopologyDescription],
  code: undefined,
  [cause]: [TopologyDescription]
}
MongoDB Connection Error: MongooseServerSelectionError: Could not connect to any servers in your MongoDB Atlas cluster. One common reason is that you're trying to access the database from an IP that isn't whitelisted. Make sure your current IP address is on your Atlas cluster's IP whitelist: https://www.mongodb.com/docs/atlas/security-whitelist/
    at ignore-listed frames {
  errorLabelSet: Set(0) {},
  reason: [TopologyDescription],
  code: undefined,
  [cause]: [TopologyDescription]
}
MongoDB Connection Error: MongooseServerSelectionError: Could not connect to any servers in your MongoDB Atlas cluster. One common reason is that you're trying to access the database from an IP that isn't whitelisted. Make sure your current IP address is on your Atlas cluster's IP whitelist: https://www.mongodb.com/docs/atlas/security-whitelist/
    at async connectDB (lib/db.ts:45:19)
    at async getPostsByCategory (app/actions.ts:297:16)
    at async Home (app/(website)/page.tsx:23:20)
  43 |
  44 |   try {
> 45 |     cached.conn = await cached.promise;
     |                   ^
  46 |   } catch (e) {
  47 |     cached.promise = null;
  48 |     console.error("MongoDB Connection Error:", e); {
  errorLabelSet: Set(0) {},
  reason: [TopologyDescription],
  code: undefined,
  [cause]: [TopologyDescription]
}
 GET / 200 in 10.4s (compile: 5ms, proxy.ts: 9ms, render: 10.4s)
 POST / 200 in 34ms (compile: 9ms, proxy.ts: 11ms, render: 13ms)
✓ Compiled in 4.4s
✓ Compiled in 999ms
✓ Compiled in 464ms
Clerk: Refreshing the session token resulted in an infinite redirect loop. This usually means that your Clerk instance keys do not match - make sure to copy the correct publishable and secret keys from the Clerk dashboard.
MongoDB Connection Error: MongooseServerSelectionError: Could not connect to any servers in your MongoDB Atlas cluster. One common reason is that you're trying to access the database from an IP that isn't whitelisted. Make sure your current IP address is on your Atlas cluster's IP whitelist: https://www.mongodb.com/docs/atlas/security-whitelist/
    at ignore-listed frames {
  errorLabelSet: Set(0) {},
  reason: [TopologyDescription],
  code: undefined,
  [cause]: [TopologyDescription]
}
MongoDB Connection Error: MongooseServerSelectionError: Could not connect to any servers in your MongoDB Atlas cluster. One common reason is that you're trying to access the database from an IP that isn't whitelisted. Make sure your current IP address is on your Atlas cluster's IP whitelist: https://www.mongodb.com/docs/atlas/security-whitelist/
    at ignore-listed frames {
  errorLabelSet: Set(0) {},
  reason: [TopologyDescription],
  code: undefined,
  [cause]: [TopologyDescription]
}
MongoDB Connection Error: MongooseServerSelectionError: Could not connect to any servers in your MongoDB Atlas cluster. One common reason is that you're trying to access the database from an IP that isn't whitelisted. Make sure your current IP address is on your Atlas cluster's IP whitelist: https://www.mongodb.com/docs/atlas/security-whitelist/
    at async connectDB (lib/db.ts:45:19)
    at async getPostsByCategory (app/actions.ts:297:16)
    at async Home (app/(website)/page.tsx:23:20)
  43 |
  44 |   try {
> 45 |     cached.conn = await cached.promise;
     |                   ^
  46 |   } catch (e) {
  47 |     cached.promise = null;
  48 |     console.error("MongoDB Connection Error:", e); {
  errorLabelSet: Set(0) {},
  reason: [TopologyDescription],
  code: undefined,
  [cause]: [TopologyDescription]
}
 GET / 200 in 17.1s (compile: 4.7s, proxy.ts: 36ms, render: 12.4s)
 POST / 200 in 44ms (compile: 10ms, proxy.ts: 14ms, render: 20ms)
Clerk: Refreshing the session token resulted in an infinite redirect loop. This usually means that your Clerk instance keys do not match - make sure to copy the correct publishable and secret keys from the Clerk dashboard.
MongoDB Connection Error: MongooseServerSelectionError: Could not connect to any servers in your MongoDB Atlas cluster. One common reason is that you're trying to access the database from an IP that isn't whitelisted. Make sure your current IP address is on your Atlas cluster's IP whitelist: https://www.mongodb.com/docs/atlas/security-whitelist/
    at ignore-listed frames {
  errorLabelSet: Set(0) {},
  reason: [TopologyDescription],
  code: undefined,
  [cause]: [TopologyDescription]
}
MongoDB Connection Error: MongooseServerSelectionError: Could not connect to any servers in your MongoDB Atlas cluster. One common reason is that you're trying to access the database from an IP that isn't whitelisted. Make sure your current IP address is on your Atlas cluster's IP whitelist: https://www.mongodb.com/docs/atlas/security-whitelist/
    at ignore-listed frames {
  errorLabelSet: Set(0) {},
  reason: [TopologyDescription],
  code: undefined,
  [cause]: [TopologyDescription]
}
MongoDB Connection Error: MongooseServerSelectionError: Could not connect to any servers in your MongoDB Atlas cluster. One common reason is that you're trying to access the database from an IP that isn't whitelisted. Make sure your current IP address is on your Atlas cluster's IP whitelist: https://www.mongodb.com/docs/atlas/security-whitelist/
    at async connectDB (lib/db.ts:45:19)
    at async getPostsByCategory (app/actions.ts:297:16)
    at async Home (app/(website)/page.tsx:23:20)
  43 |
  44 |   try {
> 45 |     cached.conn = await cached.promise;
     |                   ^
  46 |   } catch (e) {
  47 |     cached.promise = null;
  48 |     console.error("MongoDB Connection Error:", e); {
  errorLabelSet: Set(0) {},
  reason: [TopologyDescription],
  code: undefined,
  [cause]: [TopologyDescription]
}
 GET / 200 in 10.8s (compile: 56ms, proxy.ts: 45ms, render: 10.7s)
 POST / 200 in 82ms (compile: 13ms, proxy.ts: 29ms, render: 40ms)
Clerk: Refreshing the session token resulted in an infinite redirect loop. This usually means that your Clerk instance keys do not match - make sure to copy the correct publishable and secret keys from the Clerk dashboard.
MongoDB Connection Error: MongooseServerSelectionError: Could not connect to any servers in your MongoDB Atlas cluster. One common reason is that you're trying to access the database from an IP that isn't whitelisted. Make sure your current IP address is on your Atlas cluster's IP whitelist: https://www.mongodb.com/docs/atlas/security-whitelist/
    at ignore-listed frames {
  errorLabelSet: Set(0) {},
  reason: [TopologyDescription],
  code: undefined,
  [cause]: [TopologyDescription]
}
MongoDB Connection Error: MongooseServerSelectionError: Could not connect to any servers in your MongoDB Atlas cluster. One common reason is that you're trying to access the database from an IP that isn't whitelisted. Make sure your current IP address is on your Atlas cluster's IP whitelist: https://www.mongodb.com/docs/atlas/security-whitelist/
    at ignore-listed frames {
  errorLabelSet: Set(0) {},
  reason: [TopologyDescription],
  code: undefined,
  [cause]: [TopologyDescription]
}
MongoDB Connection Error: MongooseServerSelectionError: Could not connect to any servers in your MongoDB Atlas cluster. One common reason is that you're trying to access the database from an IP that isn't whitelisted. Make sure your current IP address is on your Atlas cluster's IP whitelist: https://www.mongodb.com/docs/atlas/security-whitelist/
    at async connectDB (lib/db.ts:45:19)
    at async getPostsByCategory (app/actions.ts:297:16)
    at async Home (app/(website)/page.tsx:23:20)
  43 |
  44 |   try {
> 45 |     cached.conn = await cached.promise;
     |                   ^
  46 |   } catch (e) {
  47 |     cached.promise = null;
  48 |     console.error("MongoDB Connection Error:", e); {
  errorLabelSet: Set(0) {},
  reason: [TopologyDescription],
  code: undefined,
  [cause]: [TopologyDescription]
}
 GET / 200 in 10.6s (compile: 6ms, proxy.ts: 8ms, render: 10.6s)
 POST / 200 in 27ms (compile: 5ms, proxy.ts: 9ms, render: 12ms)
[?25h
